[debug] [2024-01-11T03:35:33.774Z] ----------------------------------------------------------------------
[debug] [2024-01-11T03:35:33.777Z] Command:       C:\Program Files\nodejs\node.exe C:\Users\Dell\AppData\Roaming\npm\node_modules\firebase-tools\lib\bin\firebase.js init
[debug] [2024-01-11T03:35:33.777Z] CLI Version:   13.0.3
[debug] [2024-01-11T03:35:33.777Z] Platform:      win32
[debug] [2024-01-11T03:35:33.777Z] Node Version:  v20.10.0
[debug] [2024-01-11T03:35:33.777Z] Time:          Thu Jan 11 2024 09:05:33 GMT+0530 (India Standard Time)
[debug] [2024-01-11T03:35:33.777Z] ----------------------------------------------------------------------
[debug] 
[debug] [2024-01-11T03:35:33.782Z] > command requires scopes: ["email","openid","https://www.googleapis.com/auth/cloudplatformprojects.readonly","https://www.googleapis.com/auth/firebase","https://www.googleapis.com/auth/cloud-platform"]
[debug] [2024-01-11T03:35:33.783Z] > authorizing via signed-in user (abhishekvalaboju6@gmail.com)
[info] 
     ######## #### ########  ######## ########     ###     ######  ########
     ##        ##  ##     ## ##       ##     ##  ##   ##  ##       ##
     ######    ##  ########  ######   ########  #########  ######  ######
     ##        ##  ##    ##  ##       ##     ## ##     ##       ## ##
     ##       #### ##     ## ######## ########  ##     ##  ######  ########

You're about to initialize a Firebase project in this directory:

  D:\project-2

[info] 
=== Project Setup
[info] 
[info] First, let's associate this project directory with a Firebase project.
[info] You can create multiple project aliases by running firebase use --add, 
[info] but for now we'll just set up a default project.
[info] 
[debug] [2024-01-11T03:35:52.244Z] > refreshing access token with scopes: []
[debug] [2024-01-11T03:35:52.249Z] >>> [apiv2][query] POST https://www.googleapis.com/oauth2/v3/token [none]
[debug] [2024-01-11T03:35:52.250Z] >>> [apiv2][body] POST https://www.googleapis.com/oauth2/v3/token [omitted]
[debug] [2024-01-11T03:35:54.048Z] <<< [apiv2][status] POST https://www.googleapis.com/oauth2/v3/token 200
[debug] [2024-01-11T03:35:54.049Z] <<< [apiv2][body] POST https://www.googleapis.com/oauth2/v3/token [omitted]
[debug] [2024-01-11T03:35:54.067Z] >>> [apiv2][query] GET https://firebase.googleapis.com/v1beta1/projects pageSize=100
[debug] [2024-01-11T03:35:55.069Z] <<< [apiv2][status] GET https://firebase.googleapis.com/v1beta1/projects 200
[debug] [2024-01-11T03:35:55.070Z] <<< [apiv2][body] GET https://firebase.googleapis.com/v1beta1/projects [omitted]
[info] i  Using project freewebsitehostingdemo-fef94 (freewebsitehostingdemo) 
[info] 
=== Hosting Setup
[debug] [2024-01-11T03:36:02.813Z] >>> [apiv2][query] GET https://firebase.googleapis.com/v1beta1/projects/freewebsitehostingdemo-fef94 [none]
[debug] [2024-01-11T03:36:03.672Z] <<< [apiv2][status] GET https://firebase.googleapis.com/v1beta1/projects/freewebsitehostingdemo-fef94 200
[debug] [2024-01-11T03:36:03.672Z] <<< [apiv2][body] GET https://firebase.googleapis.com/v1beta1/projects/freewebsitehostingdemo-fef94 {"projectId":"freewebsitehostingdemo-fef94","projectNumber":"464247755971","displayName":"freewebsitehostingdemo","name":"projects/freewebsitehostingdemo-fef94","resources":{"hostingSite":"freewebsitehostingdemo-fef94"},"state":"ACTIVE","etag":"1_8761b889-d732-42af-9998-232220f2fa5c"}
[info] 
[info] Your public directory is the folder (relative to your project directory) that
[info] will contain Hosting assets to be uploaded with firebase deploy. If you
[info] have a build process for your assets, use your build's output directory.
[info] 
[info] +  Wrote y/404.html 
[debug] [2024-01-11T03:39:43.453Z] >>> [apiv2][query] GET https://www.gstatic.com/firebasejs/releases.json [none]
[debug] [2024-01-11T03:39:44.250Z] <<< [apiv2][status] GET https://www.gstatic.com/firebasejs/releases.json 200
[debug] [2024-01-11T03:39:44.250Z] <<< [apiv2][body] GET https://www.gstatic.com/firebasejs/releases.json {"current":{"version":"10.7.1","browserURL":"https://www.gstatic.com/firebasejs/10.7.1/firebase.js","packageURL":"https://www.gstatic.com/firebasejs/10.7.1/firebase.tgz"},"live":{"version":"10.7","browserURL":"https://www.gstatic.com/firebasejs/live/10.7/firebase.js","packageURL":"https://www.gstatic.com/firebasejs/live/10.7/firebase.tgz"},"components":{"analytics":"https://www.gstatic.com/firebasejs/10.7.1/firebase-analytics.js","app":"https://www.gstatic.com/firebasejs/10.7.1/firebase-app.js","app-check":"https://www.gstatic.com/firebasejs/10.7.1/firebase-app-check.js","auth":"https://www.gstatic.com/firebasejs/10.7.1/firebase-auth.js","auth/cordova":"https://www.gstatic.com/firebasejs/10.7.1/firebase-auth/cordova.js","functions":"https://www.gstatic.com/firebasejs/10.7.1/firebase-functions.js","firestore":"https://www.gstatic.com/firebasejs/10.7.1/firebase-firestore.js","firestore/lite":"https://www.gstatic.com/firebasejs/10.7.1/firebase-firestore/lite.js","installations":"https://www.gstatic.com/firebasejs/10.7.1/firebase-installations.js","storage":"https://www.gstatic.com/firebasejs/10.7.1/firebase-storage.js","performance":"https://www.gstatic.com/firebasejs/10.7.1/firebase-performance.js","remote-config":"https://www.gstatic.com/firebasejs/10.7.1/firebase-remote-config.js","messaging":"https://www.gstatic.com/firebasejs/10.7.1/firebase-messaging.js","messaging/sw":"https://www.gstatic.com/firebasejs/10.7.1/firebase-messaging/sw.js","database":"https://www.gstatic.com/firebasejs/10.7.1/firebase-database.js","firestore.memory":"https://www.gstatic.com/firebasejs/10.7.1/firebase-firestore.memory.js"}}
[info] +  Wrote y/index.html 
[info] 
[info] i  Didn't detect a .git folder. Assuming D:\project-2 is the project root. 
[info] i  Authorizing with GitHub to upload your service account to a GitHub repository's secrets store. 
[info] 
[info] Visit this URL on this device to log in:
[info] https://github.com/login/oauth/authorize?client_id=89cf50f02ac6aaed3484&state=275256982&redirect_uri=http%3A%2F%2Flocalhost%3A9005&scope=read%3Auser%20repo%20public_repo
[info] 
[info] Waiting for authentication...
[debug] [2024-01-11T03:43:55.772Z] >>> [apiv2][query] POST https://github.com/login/oauth/access_token [none]
[debug] [2024-01-11T03:43:55.773Z] >>> [apiv2][body] POST https://github.com/login/oauth/access_token [stream]
[debug] [2024-01-11T03:43:56.251Z] <<< [apiv2][status] POST https://github.com/login/oauth/access_token 200
[debug] [2024-01-11T03:43:56.251Z] <<< [apiv2][body] POST https://github.com/login/oauth/access_token {"access_token":"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","token_type":"bearer","scope":"read:user,repo"}
[debug] [2024-01-11T03:43:56.272Z] >>> [apiv2][query] GET https://api.github.com/user [none]
[debug] [2024-01-11T03:43:57.184Z] <<< [apiv2][status] GET https://api.github.com/user 200
[debug] [2024-01-11T03:43:57.184Z] <<< [apiv2][body] GET https://api.github.com/user {"login":"abhishek123valaboju","id":156276547,"node_id":"U_kgDOCVCXQw","avatar_url":"https://avatars.githubusercontent.com/u/156276547?v=4","gravatar_id":"","url":"https://api.github.com/users/abhishek123valaboju","html_url":"https://github.com/abhishek123valaboju","followers_url":"https://api.github.com/users/abhishek123valaboju/followers","following_url":"https://api.github.com/users/abhishek123valaboju/following{/other_user}","gists_url":"https://api.github.com/users/abhishek123valaboju/gists{/gist_id}","starred_url":"https://api.github.com/users/abhishek123valaboju/starred{/owner}{/repo}","subscriptions_url":"https://api.github.com/users/abhishek123valaboju/subscriptions","organizations_url":"https://api.github.com/users/abhishek123valaboju/orgs","repos_url":"https://api.github.com/users/abhishek123valaboju/repos","events_url":"https://api.github.com/users/abhishek123valaboju/events{/privacy}","received_events_url":"https://api.github.com/users/abhishek123valaboju/received_events","type":"User","site_admin":false,"name":null,"company":null,"blog":"","location":null,"email":null,"hireable":null,"bio":null,"twitter_username":null,"public_repos":0,"public_gists":0,"followers":0,"following":0,"created_at":"2024-01-11T03:43:03Z","updated_at":"2024-01-11T03:43:03Z","private_gists":0,"total_private_repos":0,"owned_private_repos":0,"disk_usage":0,"collaborators":0,"two_factor_authentication":false,"plan":{"name":"free","space":976562499,"collaborators":0,"private_repos":10000}}
[info] 
[info] +  Success! Logged into GitHub as abhishek123valaboju 
[info] 
[debug] [2024-01-11T03:44:24.370Z] >>> [apiv2][query] GET https://api.github.com/repos//actions/secrets/public-key type=owner
[debug] [2024-01-11T03:44:25.224Z] <<< [apiv2][status] GET https://api.github.com/repos//actions/secrets/public-key 404
[debug] [2024-01-11T03:44:25.225Z] <<< [apiv2][body] GET https://api.github.com/repos//actions/secrets/public-key {"message":"Not Found","documentation_url":"https://docs.github.com/rest"}
[info] 
[info] 
[error] !  The provided authorization cannot be used with this repository. If this repository is in an organization, did you remember to grant access? 
[info] 
[info] i  Action required: Visit this URL to ensure access has been granted to the appropriate organization(s) for the Firebase CLI GitHub OAuth App: 
[info] https://github.com/settings/connections/applications/89cf50f02ac6aaed3484
[info] 
[debug] [2024-01-11T03:44:36.691Z] >>> [apiv2][query] GET https://api.github.com/repos/user/actions/secrets/public-key type=owner
[debug] [2024-01-11T03:44:37.307Z] <<< [apiv2][status] GET https://api.github.com/repos/user/actions/secrets/public-key 404
[debug] [2024-01-11T03:44:37.307Z] <<< [apiv2][body] GET https://api.github.com/repos/user/actions/secrets/public-key {"message":"Not Found","documentation_url":"https://docs.github.com/rest"}
[info] 
[info] 
[error] !  The provided authorization cannot be used with this repository. If this repository is in an organization, did you remember to grant access? 
[info] 
[info] i  Action required: Visit this URL to ensure access has been granted to the appropriate organization(s) for the Firebase CLI GitHub OAuth App: 
[info] https://github.com/settings/connections/applications/89cf50f02ac6aaed3484
[info] 
[debug] [2024-01-11T03:45:31.912Z] >>> [apiv2][query] GET https://api.github.com/repos/user/actions/secrets/public-key type=owner
[debug] [2024-01-11T03:45:32.397Z] >>> [apiv2][query] GET https://api.github.com/repos//actions/secrets/public-key type=owner
[debug] [2024-01-11T03:45:32.636Z] >>> [apiv2][query] GET https://api.github.com/repos//actions/secrets/public-key type=owner
[debug] [2024-01-11T03:45:32.731Z] <<< [apiv2][status] GET https://api.github.com/repos/user/actions/secrets/public-key 404
[debug] [2024-01-11T03:45:32.731Z] <<< [apiv2][body] GET https://api.github.com/repos/user/actions/secrets/public-key {"message":"Not Found","documentation_url":"https://docs.github.com/rest"}
[info] 
[info] 
[error] !  The provided authorization cannot be used with this repository. If this repository is in an organization, did you remember to grant access? 
[info] 
[info] i  Action required: Visit this URL to ensure access has been granted to the appropriate organization(s) for the Firebase CLI GitHub OAuth App: 
[info] https://github.com/settings/connections/applications/89cf50f02ac6aaed3484
[info] 
[debug] [2024-01-11T03:45:33.042Z] <<< [apiv2][status] GET https://api.github.com/repos//actions/secrets/public-key 404
[debug] [2024-01-11T03:45:33.042Z] <<< [apiv2][body] GET https://api.github.com/repos//actions/secrets/public-key {"message":"Not Found","documentation_url":"https://docs.github.com/rest"}
[info] 
[info] 
[error] !  The provided authorization cannot be used with this repository. If this repository is in an organization, did you remember to grant access? 
[info] 
[info] i  Action required: Visit this URL to ensure access has been granted to the appropriate organization(s) for the Firebase CLI GitHub OAuth App: 
[info] https://github.com/settings/connections/applications/89cf50f02ac6aaed3484
[info] 
[debug] [2024-01-11T03:45:33.311Z] <<< [apiv2][status] GET https://api.github.com/repos//actions/secrets/public-key 404
[debug] [2024-01-11T03:45:33.311Z] <<< [apiv2][body] GET https://api.github.com/repos//actions/secrets/public-key {"message":"Not Found","documentation_url":"https://docs.github.com/rest"}
[info] 
[info] 
[error] !  The provided authorization cannot be used with this repository. If this repository is in an organization, did you remember to grant access? 
[info] 
[info] i  Action required: Visit this URL to ensure access has been granted to the appropriate organization(s) for the Firebase CLI GitHub OAuth App: 
[info] https://github.com/settings/connections/applications/89cf50f02ac6aaed3484
[info] 
[debug] [2024-01-11T03:45:40.472Z] >>> [apiv2][query] GET https://api.github.com/repos/userD:/actions/secrets/public-key type=owner
[debug] [2024-01-11T03:45:40.980Z] <<< [apiv2][status] GET https://api.github.com/repos/userD:/actions/secrets/public-key 404
[debug] [2024-01-11T03:45:40.980Z] <<< [apiv2][body] GET https://api.github.com/repos/userD:/actions/secrets/public-key {"message":"Not Found","documentation_url":"https://docs.github.com/rest"}
[info] 
[info] 
[error] !  The provided authorization cannot be used with this repository. If this repository is in an organization, did you remember to grant access? 
[info] 
[info] i  Action required: Visit this URL to ensure access has been granted to the appropriate organization(s) for the Firebase CLI GitHub OAuth App: 
[info] https://github.com/settings/connections/applications/89cf50f02ac6aaed3484
[info] 
[debug] [2024-01-11T03:45:49.763Z] >>> [apiv2][query] GET https://api.github.com/repos/D:/actions/secrets/public-key type=owner
[debug] [2024-01-11T03:45:50.554Z] <<< [apiv2][status] GET https://api.github.com/repos/D:/actions/secrets/public-key 404
[debug] [2024-01-11T03:45:50.554Z] <<< [apiv2][body] GET https://api.github.com/repos/D:/actions/secrets/public-key {"message":"Not Found","documentation_url":"https://docs.github.com/rest"}
[info] 
[info] 
[error] !  The provided authorization cannot be used with this repository. If this repository is in an organization, did you remember to grant access? 
[info] 
[info] i  Action required: Visit this URL to ensure access has been granted to the appropriate organization(s) for the Firebase CLI GitHub OAuth App: 
[info] https://github.com/settings/connections/applications/89cf50f02ac6aaed3484
[info] 
